<?xml version="1.0" encoding="UTF-8"?>
<!-- Generated by org.testng.reporters.JUnitReportReporter -->
<testsuite name="android.ninetynine.srp.enquiry.C1138_SRP_LoginUnver_Reg_ChatEnquiry" tests="1" time="141.001" ignored="0" failures="0" timestamp="06 Dec 2020 19:58:37 GMT" skipped="0" hostname="daniamrth" errors="0">
  <testcase name="C1138_SRP_LoginUnver_MustSee_Chat_Enquiry" time="141.001" classname="android.ninetynine.srp.enquiry.C1138_SRP_LoginUnver_Reg_ChatEnquiry"/>
</testsuite> <!-- android.ninetynine.srp.enquiry.C1138_SRP_LoginUnver_Reg_ChatEnquiry -->
