<?xml version="1.0" encoding="UTF-8"?>
<!-- Generated by org.testng.reporters.JUnitReportReporter -->
<testsuite name="android.ninetynine.srp.enquiry.C740_SRP_NoAcc_MustSee_ChatEnquiry" tests="1" time="113.301" ignored="0" failures="0" timestamp="06 Dec 2020 19:33:27 GMT" skipped="0" hostname="daniamrth" errors="0">
  <testcase name="C740_SRP_NoAcc_MustSee_Chat_Enquiry" time="113.301" classname="android.ninetynine.srp.enquiry.C740_SRP_NoAcc_MustSee_ChatEnquiry"/>
</testsuite> <!-- android.ninetynine.srp.enquiry.C740_SRP_NoAcc_MustSee_ChatEnquiry -->
