<?xml version="1.0" encoding="UTF-8"?>
<!-- Generated by org.testng.reporters.JUnitReportReporter -->
<testsuite name="android.ninetynine.srp.enquiry.C742_SRP_NoAcc_MustSee_PhoneEnquiry" tests="1" time="101.295" ignored="0" failures="0" timestamp="06 Dec 2020 20:17:26 GMT" skipped="0" hostname="daniamrth" errors="0">
  <testcase name="C742_SRP_NoAcc_MustSee_Phone_Enquiry" time="101.295" classname="android.ninetynine.srp.enquiry.C742_SRP_NoAcc_MustSee_PhoneEnquiry"/>
</testsuite> <!-- android.ninetynine.srp.enquiry.C742_SRP_NoAcc_MustSee_PhoneEnquiry -->
