<?xml version="1.0" encoding="UTF-8"?>
<!-- Generated by org.testng.reporters.JUnitReportReporter -->
<testsuite name="android.ninetynine.login.Regression_Login" tests="1" time="82.593" ignored="0" failures="0" timestamp="05 Oct 2020 16:51:49 GMT" skipped="0" hostname="daniamrth" errors="0">
  <testcase name="Regression_Login_Account" time="82.593" classname="android.ninetynine.login.Regression_Login"/>
</testsuite> <!-- android.ninetynine.login.Regression_Login -->
