<?xml version="1.0" encoding="UTF-8"?>
<!-- Generated by org.testng.reporters.JUnitReportReporter -->
<testsuite name="android.ninetynine.enquiry.C1340_Ldp_LoginVer_MustSee_ChatEnquiry" tests="1" time="209.221" ignored="0" failures="0" timestamp="25 Nov 2020 04:20:05 GMT" skipped="0" hostname="daniamrth" errors="0">
  <testcase name="C1340_LDP_LoginVer_MustSee_Chat_Enquiry" time="209.221" classname="android.ninetynine.enquiry.C1340_Ldp_LoginVer_MustSee_ChatEnquiry"/>
</testsuite> <!-- android.ninetynine.enquiry.C1340_Ldp_LoginVer_MustSee_ChatEnquiry -->
